# JRE version: Java(TM) SE Runtime Environment (8.0_102-b14) (build 1.8.0_102-b14)
# Java VM: Java HotSpot(TM) 64-Bit Server VM (25.102-b14 mixed mode windows-amd64 compressed oops)
Heap:
 PSYoungGen      total 427520K, used 243626K [0x000000076b000000, 0x0000000786500000, 0x00000007c0000000)
  eden space 407552K, 59% used [0x000000076b000000,0x0000000779dea920,0x0000000783e00000)
  from space 19968K, 0% used [0x0000000785180000,0x0000000785180000,0x0000000786500000)
  to   space 19968K, 0% used [0x0000000783e00000,0x0000000783e00000,0x0000000785180000)
 ParOldGen       total 171008K, used 37269K [0x00000006c1000000, 0x00000006cb700000, 0x000000076b000000)
  object space 171008K, 21% used [0x00000006c1000000,0x00000006c3465768,0x00000006cb700000)
 Metaspace       used 59274K, capacity 60424K, committed 60712K, reserved 1101824K
  class space    used 7322K, capacity 7647K, committed 7720K, reserved 1048576K
GC Heap History (10 events):
Event: 324.179 GC heap before
{Heap before GC invocations=17 (full 5):
 PSYoungGen      total 369664K, used 349184K [0x000000076b000000, 0x0000000782d00000, 0x00000007c0000000)
  eden space 349184K, 100% used [0x000000076b000000,0x0000000780500000,0x0000000780500000)
  from space 20480K, 0% used [0x0000000780500000,0x0000000780500000,0x0000000781900000)
  to   space 20480K, 0% used [0x0000000781900000,0x0000000781900000,0x0000000782d00000)
 ParOldGen       total 171008K, used 31834K [0x00000006c1000000, 0x00000006cb700000, 0x000000076b000000)
  object space 171008K, 18% used [0x00000006c1000000,0x00000006c2f16ac8,0x00000006cb700000)
 Metaspace       used 58351K, capacity 59184K, committed 59304K, reserved 1101824K
  class space    used 7268K, capacity 7491K, committed 7592K, reserved 1048576K
Event: 324.186 GC heap after
Heap after GC invocations=17 (full 5):
 PSYoungGen      total 370176K, used 8122K [0x000000076b000000, 0x0000000786500000, 0x00000007c0000000)
  eden space 349696K, 0% used [0x000000076b000000,0x000000076b000000,0x0000000780580000)
  from space 20480K, 39% used [0x0000000781900000,0x00000007820eeab0,0x0000000782d00000)
  to   space 19968K, 0% used [0x0000000780580000,0x0000000780580000,0x0000000781900000)
 ParOldGen       total 171008K, used 31842K [0x00000006c1000000, 0x00000006cb700000, 0x000000076b000000)
  object space 171008K, 18% used [0x00000006c1000000,0x00000006c2f18ac8,0x00000006cb700000)
 Metaspace       used 58351K, capacity 59184K, committed 59304K, reserved 1101824K
  class space    used 7268K, capacity 7491K, committed 7592K, reserved 1048576K
}
Event: 329.856 GC heap before
{Heap before GC invocations=18 (full 5):
 PSYoungGen      total 370176K, used 32860K [0x000000076b000000, 0x0000000786500000, 0x00000007c0000000)
  eden space 349696K, 7% used [0x000000076b000000,0x000000076c8285b0,0x0000000780580000)
  from space 20480K, 39% used [0x0000000781900000,0x00000007820eeab0,0x0000000782d00000)
  to   space 19968K, 0% used [0x0000000780580000,0x0000000780580000,0x0000000781900000)
 ParOldGen       total 171008K, used 31842K [0x00000006c1000000, 0x00000006cb700000, 0x000000076b000000)
  object space 171008K, 18% used [0x00000006c1000000,0x00000006c2f18ac8,0x00000006cb700000)
 Metaspace       used 58365K, capacity 59184K, committed 59304K, reserved 1101824K
  class space    used 7268K, capacity 7491K, committed 7592K, reserved 1048576K
Event: 329.862 GC heap after
Heap after GC invocations=18 (full 5):
 PSYoungGen      total 369664K, used 3296K [0x000000076b000000, 0x0000000786500000, 0x00000007c0000000)
  eden space 349696K, 0% used [0x000000076b000000,0x000000076b000000,0x0000000780580000)
  from space 19968K, 16% used [0x0000000780580000,0x00000007808b8000,0x0000000781900000)
  to   space 19968K, 0% used [0x0000000785180000,0x0000000785180000,0x0000000786500000)
 ParOldGen       total 171008K, used 31850K [0x00000006c1000000, 0x00000006cb700000, 0x000000076b000000)
  object space 171008K, 18% used [0x00000006c1000000,0x00000006c2f1aac8,0x00000006cb700000)
 Metaspace       used 58365K, capacity 59184K, committed 59304K, reserved 1101824K
  class space    used 7268K, capacity 7491K, committed 7592K, reserved 1048576K
}
Event: 329.862 GC heap before
{Heap before GC invocations=19 (full 6):
 PSYoungGen      total 369664K, used 3296K [0x000000076b000000, 0x0000000786500000, 0x00000007c0000000)
  eden space 349696K, 0% used [0x000000076b000000,0x000000076b000000,0x0000000780580000)
  from space 19968K, 16% used [0x0000000780580000,0x00000007808b8000,0x0000000781900000)
  to   space 19968K, 0% used [0x0000000785180000,0x0000000785180000,0x0000000786500000)
 ParOldGen       total 171008K, used 31850K [0x00000006c1000000, 0x00000006cb700000, 0x000000076b000000)
  object space 171008K, 18% used [0x00000006c1000000,0x00000006c2f1aac8,0x00000006cb700000)
 Metaspace       used 58365K, capacity 59184K, committed 59304K, reserved 1101824K
  class space    used 7268K, capacity 7491K, committed 7592K, reserved 1048576K
Event: 330.031 GC heap after
Heap after GC invocations=19 (full 6):
 PSYoungGen      total 369664K, used 0K [0x000000076b000000, 0x0000000786500000, 0x00000007c0000000)
  eden space 349696K, 0% used [0x000000076b000000,0x000000076b000000,0x0000000780580000)
  from space 19968K, 0% used [0x0000000780580000,0x0000000780580000,0x0000000781900000)
  to   space 19968K, 0% used [0x0000000785180000,0x0000000785180000,0x0000000786500000)
 ParOldGen       total 171008K, used 32664K [0x00000006c1000000, 0x00000006cb700000, 0x000000076b000000)
  object space 171008K, 19% used [0x00000006c1000000,0x00000006c2fe62e0,0x00000006cb700000)
 Metaspace       used 58365K, capacity 59184K, committed 59304K, reserved 1101824K
  class space    used 7268K, capacity 7491K, committed 7592K, reserved 1048576K
}
Event: 384.741 GC heap before
{Heap before GC invocations=20 (full 6):
 PSYoungGen      total 369664K, used 256681K [0x000000076b000000, 0x0000000786500000, 0x00000007c0000000)
  eden space 349696K, 73% used [0x000000076b000000,0x000000077aaaa5a8,0x0000000780580000)
  from space 19968K, 0% used [0x0000000780580000,0x0000000780580000,0x0000000781900000)
  to   space 19968K, 0% used [0x0000000785180000,0x0000000785180000,0x0000000786500000)
 ParOldGen       total 171008K, used 32664K [0x00000006c1000000, 0x00000006cb700000, 0x000000076b000000)
  object space 171008K, 19% used [0x00000006c1000000,0x00000006c2fe62e0,0x00000006cb700000)
 Metaspace       used 58843K, capacity 59802K, committed 60072K, reserved 1101824K
  class space    used 7285K, capacity 7566K, committed 7592K, reserved 1048576K
Event: 384.747 GC heap after
Heap after GC invocations=20 (full 6):
 PSYoungGen      total 427520K, used 5263K [0x000000076b000000, 0x0000000786500000, 0x00000007c0000000)
  eden space 407552K, 0% used [0x000000076b000000,0x000000076b000000,0x0000000783e00000)
  from space 19968K, 26% used [0x0000000785180000,0x00000007856a3d50,0x0000000786500000)
  to   space 19968K, 0% used [0x0000000783e00000,0x0000000783e00000,0x0000000785180000)
 ParOldGen       total 171008K, used 32672K [0x00000006c1000000, 0x00000006cb700000, 0x000000076b000000)
  object space 171008K, 19% used [0x00000006c1000000,0x00000006c2fe82e0,0x00000006cb700000)
 Metaspace       used 58843K, capacity 59802K, committed 60072K, reserved 1101824K
  class space    used 7285K, capacity 7566K, committed 7592K, reserved 1048576K
}
Event: 384.747 GC heap before
{Heap before GC invocations=21 (full 7):
 PSYoungGen      total 427520K, used 5263K [0x000000076b000000, 0x0000000786500000, 0x00000007c0000000)
  eden space 407552K, 0% used [0x000000076b000000,0x000000076b000000,0x0000000783e00000)
  from space 19968K, 26% used [0x0000000785180000,0x00000007856a3d50,0x0000000786500000)
  to   space 19968K, 0% used [0x0000000783e00000,0x0000000783e00000,0x0000000785180000)
 ParOldGen       total 171008K, used 32672K [0x00000006c1000000, 0x00000006cb700000, 0x000000076b000000)
  object space 171008K, 19% used [0x00000006c1000000,0x00000006c2fe82e0,0x00000006cb700000)
 Metaspace       used 58843K, capacity 59802K, committed 60072K, reserved 1101824K
  class space    used 7285K, capacity 7566K, committed 7592K, reserved 1048576K
Event: 384.863 GC heap after
Heap after GC invocations=21 (full 7):
 PSYoungGen      total 427520K, used 0K [0x000000076b000000, 0x0000000786500000, 0x00000007c0000000)
  eden space 407552K, 0% used [0x000000076b000000,0x000000076b000000,0x0000000783e00000)
  from space 19968K, 0% used [0x0000000785180000,0x0000000785180000,0x0000000786500000)
  to   space 19968K, 0% used [0x0000000783e00000,0x0000000783e00000,0x0000000785180000)
 ParOldGen       total 171008K, used 37269K [0x00000006c1000000, 0x00000006cb700000, 0x000000076b000000)
  object space 171008K, 21% used [0x00000006c1000000,0x00000006c3465768,0x00000006cb700000)
 Metaspace       used 58843K, capacity 59802K, committed 60072K, reserved 1101824K
  class space    used 7285K, capacity 7566K, committed 7592K, reserved 1048576K
}

